[debug] [2019-06-17T05:44:40.392Z] ----------------------------------------------------------------------
[debug] [2019-06-17T05:44:40.396Z] Command:       C:\Program Files\nodejs\node.exe C:\Users\sidhi.gupta\AppData\Roaming\npm\node_modules\firebase-tools\lib\bin\firebase.js login
[debug] [2019-06-17T05:44:40.397Z] CLI Version:   7.0.0
[debug] [2019-06-17T05:44:40.397Z] Platform:      win32
[debug] [2019-06-17T05:44:40.397Z] Node Version:  v11.9.0
[debug] [2019-06-17T05:44:40.400Z] Time:          Mon Jun 17 2019 11:14:40 GMT+0530 (India Standard Time)
[debug] [2019-06-17T05:44:40.400Z] ----------------------------------------------------------------------
[debug] 
[info] 
[info] Visit this URL on any device to log in:
[info] https://accounts.google.com/o/oauth2/auth?client_id=563584335869-fgrhgmd47bqnekij5i8b5pr03ho849e6.apps.googleusercontent.com&scope=email%20openid%20https%3A%2F%2Fwww.googleapis.com%2Fauth%2Fcloudplatformprojects.readonly%20https%3A%2F%2Fwww.googleapis.com%2Fauth%2Ffirebase%20https%3A%2F%2Fwww.googleapis.com%2Fauth%2Fcloud-platform&response_type=code&state=399717829&redirect_uri=http%3A%2F%2Flocalhost%3A9005
[info] 
[info] Waiting for authentication...
[debug] [2019-06-17T05:47:49.642Z] ----------------------------------------------------------------------
[debug] [2019-06-17T05:47:49.645Z] Command:       C:\Program Files\nodejs\node.exe C:\Users\sidhi.gupta\AppData\Roaming\npm\node_modules\firebase-tools\lib\bin\firebase.js login
[debug] [2019-06-17T05:47:49.645Z] CLI Version:   7.0.0
[debug] [2019-06-17T05:47:49.645Z] Platform:      win32
[debug] [2019-06-17T05:47:49.645Z] Node Version:  v11.9.0
[debug] [2019-06-17T05:47:49.647Z] Time:          Mon Jun 17 2019 11:17:49 GMT+0530 (India Standard Time)
[debug] [2019-06-17T05:47:49.647Z] ----------------------------------------------------------------------
[debug] 
[info] 
[info] Visit this URL on any device to log in:
[info] https://accounts.google.com/o/oauth2/auth?client_id=563584335869-fgrhgmd47bqnekij5i8b5pr03ho849e6.apps.googleusercontent.com&scope=email%20openid%20https%3A%2F%2Fwww.googleapis.com%2Fauth%2Fcloudplatformprojects.readonly%20https%3A%2F%2Fwww.googleapis.com%2Fauth%2Ffirebase%20https%3A%2F%2Fwww.googleapis.com%2Fauth%2Fcloud-platform&response_type=code&state=104690907&redirect_uri=http%3A%2F%2Flocalhost%3A9005
[info] 
[info] Waiting for authentication...
